<?xml version="1.0" encoding="UTF-8"?>
<testsuite name="basicSelenium.Account" tests="1" skipped="0" failures="0" errors="0" timestamp="2022-10-18T16:10:35" hostname="Federicos-MacBook-Pro.local" time="27.436">
  <properties/>
  <testcase name="todoLySettings()" classname="basicSelenium.Account" time="27.436"/>
  <system-out><![CDATA[]]></system-out>
  <system-err><![CDATA[SLF4J: Failed to load class "org.slf4j.impl.StaticLoggerBinder".
SLF4J: Defaulting to no-operation (NOP) logger implementation
SLF4J: See http://www.slf4j.org/codes.html#StaticLoggerBinder for further details.
Starting ChromeDriver 106.0.5249.61 (511755355844955cd3e264779baf0dd38212a4d0-refs/branch-heads/5249@{#569}) on port 54785
Only local connections are allowed.
Please see https://chromedriver.chromium.org/security-considerations for suggestions on keeping ChromeDriver safe.
ChromeDriver was started successfully.
oct. 18, 2022 1:10:38 P. M. org.openqa.selenium.remote.ProtocolHandshake createSession
INFO: Detected upstream dialect: W3C
oct. 18, 2022 1:10:38 P. M. org.openqa.selenium.devtools.CdpVersionFinder findNearestMatch
INFO: Found exact CDP implementation for version 106
]]></system-err>
</testsuite>
